<?xml version="1.0" encoding="UTF-8"?>
<testng-results ignored="0" total="1" passed="1" failed="0" skipped="0">
  <reporter-output>
  </reporter-output>
  <suite started-at="2024-09-22T16:02:50 IST" name="Default suite" finished-at="2024-09-22T16:03:02 IST" duration-ms="11425">
    <groups>
    </groups>
    <test started-at="2024-09-22T16:02:50 IST" name="Default test" finished-at="2024-09-22T16:03:02 IST" duration-ms="11425">
      <class name="MuraliCompany.ExtentReports.ExtentReportsDemo">
        <test-method is-config="true" signature="config()[pri:0, instance:MuraliCompany.ExtentReports.ExtentReportsDemo@2235eaab]" started-at="2024-09-22T16:02:51 IST" name="config" finished-at="2024-09-22T16:02:51 IST" duration-ms="396" status="PASS">
          <reporter-output>
          </reporter-output>
        </test-method> <!-- config -->
        <test-method signature="intialize()[pri:0, instance:MuraliCompany.ExtentReports.ExtentReportsDemo@2235eaab]" started-at="2024-09-22T16:02:51 IST" name="intialize" finished-at="2024-09-22T16:03:02 IST" duration-ms="10917" status="PASS">
          <reporter-output>
          </reporter-output>
        </test-method> <!-- intialize -->
      </class> <!-- MuraliCompany.ExtentReports.ExtentReportsDemo -->
    </test> <!-- Default test -->
  </suite> <!-- Default suite -->
</testng-results>
