<?xml version="1.0" encoding="UTF-8"?>
<testng-results ignored="0" total="1" passed="1" failed="0" skipped="0">
  <reporter-output>
  </reporter-output>
  <suite started-at="2024-09-07T23:42:02 IST" name="Default suite" finished-at="2024-09-07T23:42:09 IST" duration-ms="6760">
    <groups>
    </groups>
    <test started-at="2024-09-07T23:42:02 IST" name="Default test" finished-at="2024-09-07T23:42:09 IST" duration-ms="6760">
      <class name="MuraliCompany.ExtentReports.ExtentReportsDemo">
        <test-method is-config="true" signature="config()[pri:0, instance:MuraliCompany.ExtentReports.ExtentReportsDemo@3bcd05cb]" started-at="2024-09-07T23:42:02 IST" name="config" finished-at="2024-09-07T23:42:02 IST" duration-ms="319" status="PASS">
          <reporter-output>
          </reporter-output>
        </test-method> <!-- config -->
        <test-method signature="intialize()[pri:0, instance:MuraliCompany.ExtentReports.ExtentReportsDemo@3bcd05cb]" started-at="2024-09-07T23:42:02 IST" name="intialize" finished-at="2024-09-07T23:42:09 IST" duration-ms="6348" status="PASS">
          <reporter-output>
          </reporter-output>
        </test-method> <!-- intialize -->
      </class> <!-- MuraliCompany.ExtentReports.ExtentReportsDemo -->
    </test> <!-- Default test -->
  </suite> <!-- Default suite -->
</testng-results>
